<?xml version="1.0" encoding="UTF-8"?>
<testsuite name="sorts.HeapSortTests" tests="4" skipped="0" failures="0" errors="0" timestamp="2019-01-23T15:34:42" hostname="Doan-PC" time="0.046">
  <properties/>
  <testcase name="canary()" classname="sorts.HeapSortTests" time="0.017"/>
  <testcase name="sortNULLArray()" classname="sorts.HeapSortTests" time="0.014"/>
  <testcase name="sortArrayWithOneElement()" classname="sorts.HeapSortTests" time="0.005"/>
  <testcase name="sortArrayWithMultipleElement()" classname="sorts.HeapSortTests" time="0.001"/>
  <system-out><![CDATA[]]></system-out>
  <system-err><![CDATA[]]></system-err>
</testsuite>
