<?xml version="1.0" encoding="UTF-8"?>
<testsuite name="sorts.QuickSortTests" tests="4" skipped="0" failures="0" errors="0" timestamp="2019-01-22T16:51:04" hostname="Doan-PC" time="0.027">
  <properties/>
  <testcase name="canary()" classname="sorts.QuickSortTests" time="0.001"/>
  <testcase name="sortNullArray()" classname="sorts.QuickSortTests" time="0.001"/>
  <testcase name="sortArrayWithOneElement()" classname="sorts.QuickSortTests" time="0.001"/>
  <testcase name="sortArrayWithMultipleElement()" classname="sorts.QuickSortTests" time="0.004"/>
  <system-out><![CDATA[]]></system-out>
  <system-err><![CDATA[]]></system-err>
</testsuite>
