<?xml version="1.0" encoding="UTF-8"?>
<testsuite name="sorts.RadixSortTests" tests="4" skipped="0" failures="0" errors="0" timestamp="2019-01-23T15:34:42" hostname="Doan-PC" time="0.013">
  <properties/>
  <testcase name="canary()" classname="sorts.RadixSortTests" time="0.001"/>
  <testcase name="sortArrayWithMultipleElements()" classname="sorts.RadixSortTests" time="0.003"/>
  <testcase name="sortNullArray()" classname="sorts.RadixSortTests" time="0.002"/>
  <testcase name="sortArrayWithOneElement()" classname="sorts.RadixSortTests" time="0.001"/>
  <system-out><![CDATA[]]></system-out>
  <system-err><![CDATA[]]></system-err>
</testsuite>
