<?xml version="1.0" encoding="UTF-8"?>
<testsuite name="sorts.SortsTests" tests="1" skipped="0" failures="0" errors="0" timestamp="2019-01-21T22:12:54" hostname="Doan-PC" time="0.013">
  <properties/>
  <testcase name="canary()" classname="sorts.SortsTests" time="0.013"/>
  <system-out><![CDATA[]]></system-out>
  <system-err><![CDATA[]]></system-err>
</testsuite>
