<?xml version="1.0" encoding="UTF-8"?>
<testsuite name="sorts.MergeSortTests" tests="5" skipped="0" failures="0" errors="0" timestamp="2019-01-22T16:51:04" hostname="Doan-PC" time="0.103">
  <properties/>
  <testcase name="canary()" classname="sorts.MergeSortTests" time="0.029"/>
  <testcase name="sortArrayWithMultipleElements()" classname="sorts.MergeSortTests" time="0.053"/>
  <testcase name="mergeTwoArraysWithMultipleElements()" classname="sorts.MergeSortTests" time="0.005"/>
  <testcase name="sortNULLArray()" classname="sorts.MergeSortTests" time="0.003"/>
  <testcase name="sortArrayWithNoElement()" classname="sorts.MergeSortTests" time="0.001"/>
  <system-out><![CDATA[]]></system-out>
  <system-err><![CDATA[]]></system-err>
</testsuite>
